This is pdfTeX, Version 3.14159265-2.6-1.40.20 (TeX Live 2019/Debian) (preloaded format=pdflatex 2022.4.11)  23 FEB 2023 19:29
entering extended mode
 restricted \write18 enabled.
 %&-line parsing enabled.
**report.tex
(./report.tex
LaTeX2e <2020-02-02> patch level 2
L3 programming layer <2020-02-14>
(/usr/share/texlive/texmf-dist/tex/latex/base/article.cls
Document Class: article 2019/12/20 v1.4l Standard LaTeX document class
(/usr/share/texlive/texmf-dist/tex/latex/base/size12.clo
File: size12.clo 2019/12/20 v1.4l Standard LaTeX file (size option)
)
\c@part=\count167
\c@section=\count168
\c@subsection=\count169
\c@subsubsection=\count170
\c@paragraph=\count171
\c@subparagraph=\count172
\c@figure=\count173
\c@table=\count174
\abovecaptionskip=\skip47
\belowcaptionskip=\skip48
\bibindent=\dimen134
)
(/usr/share/texlive/texmf-dist/tex/latex/hyperref/hyperref.sty
Package: hyperref 2020/01/14 v7.00d Hypertext links for LaTeX

(/usr/share/texlive/texmf-dist/tex/generic/ltxcmds/ltxcmds.sty
Package: ltxcmds 2019/12/15 v1.24 LaTeX kernel commands for general use (HO)
)
(/usr/share/texlive/texmf-dist/tex/generic/iftex/iftex.sty
Package: iftex 2019/11/07 v1.0c TeX engine tests
)
(/usr/share/texlive/texmf-dist/tex/latex/pdftexcmds/pdftexcmds.sty
Package: pdftexcmds 2019/11/24 v0.31 Utility functions of pdfTeX for LuaTeX (HO
)

(/usr/share/texlive/texmf-dist/tex/generic/infwarerr/infwarerr.sty
Package: infwarerr 2019/12/03 v1.5 Providing info/warning/error messages (HO)
)
Package pdftexcmds Info: \pdf@primitive is available.
Package pdftexcmds Info: \pdf@ifprimitive is available.
Package pdftexcmds Info: \pdfdraftmode found.
)
(/usr/share/texlive/texmf-dist/tex/latex/graphics/keyval.sty
Package: keyval 2014/10/28 v1.15 key=value parser (DPC)
\KV@toks@=\toks14
)
(/usr/share/texlive/texmf-dist/tex/generic/kvsetkeys/kvsetkeys.sty
Package: kvsetkeys 2019/12/15 v1.18 Key value parser (HO)
)
(/usr/share/texlive/texmf-dist/tex/generic/kvdefinekeys/kvdefinekeys.sty
Package: kvdefinekeys 2019-12-19 v1.6 Define keys (HO)
)
(/usr/share/texlive/texmf-dist/tex/generic/pdfescape/pdfescape.sty
Package: pdfescape 2019/12/09 v1.15 Implements pdfTeX's escape features (HO)
)
(/usr/share/texlive/texmf-dist/tex/latex/hycolor/hycolor.sty
Package: hycolor 2020-01-27 v1.10 Color options for hyperref/bookmark (HO)
)
(/usr/share/texlive/texmf-dist/tex/latex/letltxmacro/letltxmacro.sty
Package: letltxmacro 2019/12/03 v1.6 Let assignment for LaTeX macros (HO)
)
(/usr/share/texlive/texmf-dist/tex/latex/auxhook/auxhook.sty
Package: auxhook 2019-12-17 v1.6 Hooks for auxiliary files (HO)
)
(/usr/share/texlive/texmf-dist/tex/latex/kvoptions/kvoptions.sty
Package: kvoptions 2019/11/29 v3.13 Key value format for package options (HO)
)
\@linkdim=\dimen135
\Hy@linkcounter=\count175
\Hy@pagecounter=\count176

(/usr/share/texlive/texmf-dist/tex/latex/hyperref/pd1enc.def
File: pd1enc.def 2020/01/14 v7.00d Hyperref: PDFDocEncoding definition (HO)
Now handling font encoding PD1 ...
... no UTF-8 mapping file for font encoding PD1
)
(/usr/share/texlive/texmf-dist/tex/generic/intcalc/intcalc.sty
Package: intcalc 2019/12/15 v1.3 Expandable calculations with integers (HO)
)
(/usr/share/texlive/texmf-dist/tex/generic/etexcmds/etexcmds.sty
Package: etexcmds 2019/12/15 v1.7 Avoid name clashes with e-TeX commands (HO)
)
\Hy@SavedSpaceFactor=\count177
\pdfmajorversion=\count178
Package hyperref Info: Hyper figures OFF on input line 4547.
Package hyperref Info: Link nesting OFF on input line 4552.
Package hyperref Info: Hyper index ON on input line 4555.
Package hyperref Info: Plain pages OFF on input line 4562.
Package hyperref Info: Backreferencing OFF on input line 4567.
Package hyperref Info: Implicit mode ON; LaTeX internals redefined.
Package hyperref Info: Bookmarks ON on input line 4800.
\c@Hy@tempcnt=\count179

(/usr/share/texlive/texmf-dist/tex/latex/url/url.sty
\Urlmuskip=\muskip16
Package: url 2013/09/16  ver 3.4  Verb mode for urls, etc.
)
LaTeX Info: Redefining \url on input line 5159.
\XeTeXLinkMargin=\dimen136

(/usr/share/texlive/texmf-dist/tex/generic/bitset/bitset.sty
Package: bitset 2019/12/09 v1.3 Handle bit-vector datatype (HO)

(/usr/share/texlive/texmf-dist/tex/generic/bigintcalc/bigintcalc.sty
Package: bigintcalc 2019/12/15 v1.5 Expandable calculations on big integers (HO
)
))
\Fld@menulength=\count180
\Field@Width=\dimen137
\Fld@charsize=\dimen138
Package hyperref Info: Hyper figures OFF on input line 6430.
Package hyperref Info: Link nesting OFF on input line 6435.
Package hyperref Info: Hyper index ON on input line 6438.
Package hyperref Info: backreferencing OFF on input line 6445.
Package hyperref Info: Link coloring OFF on input line 6450.
Package hyperref Info: Link coloring with OCG OFF on input line 6455.
Package hyperref Info: PDF/A mode OFF on input line 6460.
LaTeX Info: Redefining \ref on input line 6500.
LaTeX Info: Redefining \pageref on input line 6504.

(/usr/share/texlive/texmf-dist/tex/generic/atbegshi/atbegshi.sty
Package: atbegshi 2019/12/05 v1.19 At begin shipout hook (HO)
)
\Hy@abspage=\count181
\c@Item=\count182
\c@Hfootnote=\count183
)
Package hyperref Info: Driver (autodetected): hpdftex.

(/usr/share/texlive/texmf-dist/tex/latex/hyperref/hpdftex.def
File: hpdftex.def 2020/01/14 v7.00d Hyperref driver for pdfTeX

(/usr/share/texlive/texmf-dist/tex/latex/atveryend/atveryend.sty
Package: atveryend 2019-12-11 v1.11 Hooks at the very end of document (HO)
Package atveryend Info: \enddocument detected (standard20110627).
)
\Fld@listcount=\count184
\c@bookmark@seq@number=\count185

(/usr/share/texlive/texmf-dist/tex/latex/rerunfilecheck/rerunfilecheck.sty
Package: rerunfilecheck 2019/12/05 v1.9 Rerun checks for auxiliary files (HO)

(/usr/share/texlive/texmf-dist/tex/generic/uniquecounter/uniquecounter.sty
Package: uniquecounter 2019/12/15 v1.4 Provide unlimited unique counter (HO)
)
Package uniquecounter Info: New unique counter `rerunfilecheck' on input line 2
86.
)
\Hy@SectionHShift=\skip49
)
Package hyperref Info: Option `colorlinks' set `true' on input line 10.
Package hyperref Info: Option `colorlinks' set `true' on input line 11.

(/usr/share/texlive/texmf-dist/tex/latex/graphics/graphicx.sty
Package: graphicx 2019/11/30 v1.2a Enhanced LaTeX Graphics (DPC,SPQR)

(/usr/share/texlive/texmf-dist/tex/latex/graphics/graphics.sty
Package: graphics 2019/11/30 v1.4a Standard LaTeX Graphics (DPC,SPQR)

(/usr/share/texlive/texmf-dist/tex/latex/graphics/trig.sty
Package: trig 2016/01/03 v1.10 sin cos tan (DPC)
)
(/usr/share/texlive/texmf-dist/tex/latex/graphics-cfg/graphics.cfg
File: graphics.cfg 2016/06/04 v1.11 sample graphics configuration
)
Package graphics Info: Driver file: pdftex.def on input line 105.

(/usr/share/texlive/texmf-dist/tex/latex/graphics-def/pdftex.def
File: pdftex.def 2018/01/08 v1.0l Graphics/color driver for pdftex
))
\Gin@req@height=\dimen139
\Gin@req@width=\dimen140
)
(/usr/share/texlive/texmf-dist/tex/latex/listings/listings.sty
\lst@mode=\count186
\lst@gtempboxa=\box45
\lst@token=\toks15
\lst@length=\count187
\lst@currlwidth=\dimen141
\lst@column=\count188
\lst@pos=\count189
\lst@lostspace=\dimen142
\lst@width=\dimen143
\lst@newlines=\count190
\lst@lineno=\count191
\lst@maxwidth=\dimen144

(/usr/share/texlive/texmf-dist/tex/latex/listings/lstmisc.sty
File: lstmisc.sty 2019/09/10 1.8c (Carsten Heinz)
\c@lstnumber=\count192
\lst@skipnumbers=\count193
\lst@framebox=\box46
)
(/usr/share/texlive/texmf-dist/tex/latex/listings/listings.cfg
File: listings.cfg 2019/09/10 1.8c listings configuration
))
Package: listings 2019/09/10 1.8c (Carsten Heinz)

(/usr/share/texlive/texmf-dist/tex/latex/l3backend/l3backend-pdfmode.def
File: l3backend-pdfmode.def 2020-02-03 L3 backend support: PDF mode
\l__kernel_color_stack_int=\count194
\l__pdf_internal_box=\box47
)
(./report.aux)
\openout1 = `report.aux'.

LaTeX Font Info:    Checking defaults for OML/cmm/m/it on input line 21.
LaTeX Font Info:    ... okay on input line 21.
LaTeX Font Info:    Checking defaults for OMS/cmsy/m/n on input line 21.
LaTeX Font Info:    ... okay on input line 21.
LaTeX Font Info:    Checking defaults for OT1/cmr/m/n on input line 21.
LaTeX Font Info:    ... okay on input line 21.
LaTeX Font Info:    Checking defaults for T1/cmr/m/n on input line 21.
LaTeX Font Info:    ... okay on input line 21.
LaTeX Font Info:    Checking defaults for TS1/cmr/m/n on input line 21.
LaTeX Font Info:    ... okay on input line 21.
LaTeX Font Info:    Checking defaults for OMX/cmex/m/n on input line 21.
LaTeX Font Info:    ... okay on input line 21.
LaTeX Font Info:    Checking defaults for U/cmr/m/n on input line 21.
LaTeX Font Info:    ... okay on input line 21.
LaTeX Font Info:    Checking defaults for PD1/pdf/m/n on input line 21.
LaTeX Font Info:    ... okay on input line 21.
\AtBeginShipoutBox=\box48
 (/usr/share/texlive/texmf-dist/tex/latex/graphics/color.sty
Package: color 2019/11/23 v1.2a Standard LaTeX Color (DPC)

(/usr/share/texlive/texmf-dist/tex/latex/graphics-cfg/color.cfg
File: color.cfg 2016/01/02 v1.6 sample color configuration
)
Package color Info: Driver file: pdftex.def on input line 147.
)
Package hyperref Info: Link coloring ON on input line 21.

(/usr/share/texlive/texmf-dist/tex/latex/hyperref/nameref.sty
Package: nameref 2019/09/16 v2.46 Cross-referencing by name of section

(/usr/share/texlive/texmf-dist/tex/latex/refcount/refcount.sty
Package: refcount 2019/12/15 v3.6 Data extraction from label references (HO)
)
(/usr/share/texlive/texmf-dist/tex/generic/gettitlestring/gettitlestring.sty
Package: gettitlestring 2019/12/15 v1.6 Cleanup title references (HO)
)
\c@section@level=\count195
)
LaTeX Info: Redefining \ref on input line 21.
LaTeX Info: Redefining \pageref on input line 21.
LaTeX Info: Redefining \nameref on input line 21.

(./report.out) (./report.out)
\@outlinefile=\write3
\openout3 = `report.out'.


(/usr/share/texlive/texmf-dist/tex/context/base/mkii/supp-pdf.mkii
[Loading MPS to PDF converter (version 2006.09.02).]
\scratchcounter=\count196
\scratchdimen=\dimen145
\scratchbox=\box49
\nofMPsegments=\count197
\nofMParguments=\count198
\everyMPshowfont=\toks16
\MPscratchCnt=\count199
\MPscratchDim=\dimen146
\MPnumerator=\count266
\makeMPintoPDFobject=\count267
\everyMPtoPDFconversion=\toks17
) (/usr/share/texlive/texmf-dist/tex/latex/epstopdf-pkg/epstopdf-base.sty
Package: epstopdf-base 2020-01-24 v2.11 Base part for package epstopdf
Package epstopdf-base Info: Redefining graphics rule for `.eps' on input line 4
85.

(/usr/share/texlive/texmf-dist/tex/latex/latexconfig/epstopdf-sys.cfg
File: epstopdf-sys.cfg 2010/07/13 v1.3 Configuration of (r)epstopdf for TeX Liv
e
))
\c@lstlisting=\count268
LaTeX Font Info:    External font `cmex10' loaded for size
(Font)              <14.4> on input line 23.
LaTeX Font Info:    External font `cmex10' loaded for size
(Font)              <7> on input line 23.

[1

{/var/lib/texmf/fonts/map/pdftex/updmap/pdftex.map}] (./report.toc
LaTeX Font Info:    External font `cmex10' loaded for size
(Font)              <12> on input line 9.
LaTeX Font Info:    External font `cmex10' loaded for size
(Font)              <8> on input line 9.
LaTeX Font Info:    External font `cmex10' loaded for size
(Font)              <6> on input line 9.
 [2

])
\tf@toc=\write4
\openout4 = `report.toc'.


[3]
LaTeX Font Info:    Font shape `OT1/cmtt/bx/n' in size <12> not available
(Font)              Font shape `OT1/cmtt/m/n' tried instead on input line 48.
<./plots/overview.png, id=189, 804.00375pt x 1386.17876pt>
File: ./plots/overview.png Graphic file (type png)
<use ./plots/overview.png>
Package pdftex.def Info: ./plots/overview.png  used on input line 59.
(pdftex.def)             Requested size: 350.99762pt x 605.14034pt.


LaTeX Warning: Float too large for page by 83.47365pt on input line 62.

[4

] [5 <./plots/overview.png>]
<./plots/val1.png, id=223, 1176.395pt x 413.545pt>
File: ./plots/val1.png Graphic file (type png)
<use ./plots/val1.png>
Package pdftex.def Info: ./plots/val1.png  used on input line 80.
(pdftex.def)             Requested size: 429.00238pt x 150.80699pt.
<./plots/val2.png, id=224, 1167.36125pt x 513.92pt>
File: ./plots/val2.png Graphic file (type png)
<use ./plots/val2.png>
Package pdftex.def Info: ./plots/val2.png  used on input line 88.
(pdftex.def)             Requested size: 429.00238pt x 188.86136pt.
<./plots/val3.png, id=225, 1155.31625pt x 327.2225pt>
File: ./plots/val3.png Graphic file (type png)
<use ./plots/val3.png>
Package pdftex.def Info: ./plots/val3.png  used on input line 96.
(pdftex.def)             Requested size: 429.00238pt x 121.5048pt.
<./plots/val4.png, id=226, 1156.32pt x 325.215pt>
File: ./plots/val4.png Graphic file (type png)
<use ./plots/val4.png>
Package pdftex.def Info: ./plots/val4.png  used on input line 104.
(pdftex.def)             Requested size: 429.00238pt x 120.65518pt.
<./plots/val5.png, id=227, 1157.32375pt x 324.21124pt>
File: ./plots/val5.png Graphic file (type png)
<use ./plots/val5.png>
Package pdftex.def Info: ./plots/val5.png  used on input line 112.
(pdftex.def)             Requested size: 429.00238pt x 120.1789pt.
<./plots/val6.png, id=228, 1153.30875pt x 768.8725pt>
File: ./plots/val6.png Graphic file (type png)
<use ./plots/val6.png>
Package pdftex.def Info: ./plots/val6.png  used on input line 120.
(pdftex.def)             Requested size: 429.00238pt x 286.00352pt.
<./plots/val7.png, id=229, 957.5775pt x 1535.7375pt>
File: ./plots/val7.png Graphic file (type png)
<use ./plots/val7.png>
Package pdftex.def Info: ./plots/val7.png  used on input line 128.
(pdftex.def)             Requested size: 331.50238pt x 531.65782pt.


LaTeX Warning: Float too large for page by 36.65782pt on input line 131.

<./plots/val8.png, id=230, 954.56625pt x 286.06876pt>
File: ./plots/val8.png Graphic file (type png)
<use ./plots/val8.png>
Package pdftex.def Info: ./plots/val8.png  used on input line 136.
(pdftex.def)             Requested size: 429.00238pt x 128.56387pt.
<./plots/val9.png, id=231, 957.5775pt x 289.08pt>
File: ./plots/val9.png Graphic file (type png)
<use ./plots/val9.png>
Package pdftex.def Info: ./plots/val9.png  used on input line 144.
(pdftex.def)             Requested size: 429.00238pt x 129.51135pt.
<./plots/val10.png, id=232, 954.56625pt x 289.08pt>
File: ./plots/val10.png Graphic file (type png)
<use ./plots/val10.png>
Package pdftex.def Info: ./plots/val10.png  used on input line 152.
(pdftex.def)             Requested size: 429.00238pt x 129.91718pt.
<./plots/val11.png, id=233, 953.5625pt x 1040.88875pt>
File: ./plots/val11.png Graphic file (type png)
<use ./plots/val11.png>
Package pdftex.def Info: ./plots/val11.png  used on input line 160.
(pdftex.def)             Requested size: 429.00238pt x 468.30032pt.

LaTeX Warning: Float too large for page by 5.30032pt on input line 163.

<./plots/val12.png, id=234, 954.56625pt x 396.48125pt>
File: ./plots/val12.png Graphic file (type png)
<use ./plots/val12.png>
Package pdftex.def Info: ./plots/val12.png  used on input line 168.
(pdftex.def)             Requested size: 429.00238pt x 178.18501pt.
<./plots/val13.png, id=235, 954.56625pt x 722.7pt>
File: ./plots/val13.png Graphic file (type png)
<use ./plots/val13.png>
Package pdftex.def Info: ./plots/val13.png  used on input line 176.
(pdftex.def)             Requested size: 429.00238pt x 324.79294pt.
<./plots/val14.png, id=236, 951.555pt x 398.48875pt>
File: ./plots/val14.png Graphic file (type png)
<use ./plots/val14.png>
Package pdftex.def Info: ./plots/val14.png  used on input line 184.
(pdftex.def)             Requested size: 429.00238pt x 179.65878pt.
<./plots/val15.png, id=237, 1162.3425pt x 178.6675pt>
File: ./plots/val15.png Graphic file (type png)
<use ./plots/val15.png>
Package pdftex.def Info: ./plots/val15.png  used on input line 192.
(pdftex.def)             Requested size: 429.00238pt x 65.94235pt.
[6 <./plots/val1.png>] [7 <./plots/val2.png> <./plots/val3.png>] [8 <./plots/va
l4.png> <./plots/val5.png>] [9 <./plots/val6.png>] [10 <./plots/val7.png>]
[11 <./plots/val8.png> <./plots/val9.png>] [12 <./plots/val10.png>] [13 <./plot
s/val11.png>] [14 <./plots/val12.png>] [15 <./plots/val13.png>] [16 <./plots/va
l14.png> <./plots/val15.png>]
<./plots/beamspot.png, id=324, 606.265pt x 529.98pt>
File: ./plots/beamspot.png Graphic file (type png)
<use ./plots/beamspot.png>
Package pdftex.def Info: ./plots/beamspot.png  used on input line 230.
(pdftex.def)             Requested size: 350.99762pt x 306.8387pt.
 [17

] [18 <./plots/beamspot.png>]
<./plots/dir.png, id=346, 504.88625pt x 524.96124pt>
File: ./plots/dir.png Graphic file (type png)
<use ./plots/dir.png>
Package pdftex.def Info: ./plots/dir.png  used on input line 251.
(pdftex.def)             Requested size: 350.99762pt x 364.95514pt.
<./plots/as1.png, id=350, 592.2125pt x 416.55624pt>
File: ./plots/as1.png Graphic file (type png)
<use ./plots/as1.png>
Package pdftex.def Info: ./plots/as1.png  used on input line 270.
(pdftex.def)             Requested size: 350.99762pt x 246.89745pt.
<./plots/as2.png, id=351, 717.68124pt x 227.85126pt>
File: ./plots/as2.png Graphic file (type png)
<use ./plots/as2.png>
Package pdftex.def Info: ./plots/as2.png  used on input line 278.
(pdftex.def)             Requested size: 350.99762pt x 111.436pt.
 [19] [20 <./plots/dir.png>] [21 <./plots/as1.png> <./plots/as2.png>]
<./plots/inj.png, id=387, 896.34875pt x 262.9825pt>
File: ./plots/inj.png Graphic file (type png)
<use ./plots/inj.png>
Package pdftex.def Info: ./plots/inj.png  used on input line 310.
(pdftex.def)             Requested size: 429.00238pt x 125.86499pt.
 [22 <./plots/inj.png>]
<./plots/val20.png, id=400, 979.66pt x 409.53pt>
File: ./plots/val20.png Graphic file (type png)
<use ./plots/val20.png>
Package pdftex.def Info: ./plots/val20.png  used on input line 339.
(pdftex.def)             Requested size: 429.00238pt x 179.3314pt.
<./plots/val21.png, id=401, 953.5625pt x 290.08376pt>
File: ./plots/val21.png Graphic file (type png)
<use ./plots/val21.png>
Package pdftex.def Info: ./plots/val21.png  used on input line 347.
(pdftex.def)             Requested size: 429.00238pt x 130.50992pt.
<./plots/val22.png, id=402, 958.58125pt x 292.09125pt>
File: ./plots/val22.png Graphic file (type png)
<use ./plots/val22.png>
Package pdftex.def Info: ./plots/val22.png  used on input line 355.
(pdftex.def)             Requested size: 429.00238pt x 130.72226pt.
<./plots/val23.png, id=403, 954.56625pt x 401.5pt>
File: ./plots/val23.png Graphic file (type png)
<use ./plots/val23.png>
Package pdftex.def Info: ./plots/val23.png  used on input line 363.
(pdftex.def)             Requested size: 429.00238pt x 180.44052pt.
<./plots/val24.png, id=404, 955.57pt x 604.2575pt>
File: ./plots/val24.png Graphic file (type png)
<use ./plots/val24.png>
Package pdftex.def Info: ./plots/val24.png  used on input line 371.
(pdftex.def)             Requested size: 429.00238pt x 271.27716pt.
<./plots/val25.png, id=405, 952.55875pt x 1225.57875pt>
File: ./plots/val25.png Graphic file (type png)
<use ./plots/val25.png>
Package pdftex.def Info: ./plots/val25.png  used on input line 379.
(pdftex.def)             Requested size: 429.00238pt x 551.97287pt.


LaTeX Warning: Float too large for page by 88.30618pt on input line 382.

<./plots/val26.png, id=406, 954.56625pt x 719.68875pt>
File: ./plots/val26.png Graphic file (type png)
<use ./plots/val26.png>
Package pdftex.def Info: ./plots/val26.png  used on input line 387.
(pdftex.def)             Requested size: 429.00238pt x 323.43965pt.
[23 <./plots/val20.png>] [24 <./plots/val21.png> <./plots/val22.png>] [25 <./pl
ots/val23.png>] [26 <./plots/val24.png>] [27 <./plots/val25.png>] [28 <./plots/
val26.png>] [29

]
<./plots/min1.png, id=477, 206.7725pt x 245.91875pt>
File: ./plots/min1.png Graphic file (type png)
<use ./plots/min1.png>
Package pdftex.def Info: ./plots/min1.png  used on input line 438.
(pdftex.def)             Requested size: 155.99762pt x 185.5343pt.

Overfull \hbox (7.56078pt too wide) in paragraph at lines 445--446
 [][] \OT1/cmr/m/n/12 This leads to the \OT1/cmr/bx/n/12 TEL-LIE PCA datasets p
age\OT1/cmr/m/n/12 . This is the main/overview
 []

[30 <./plots/min1.png>] [31]
<./plots/min2.png, id=566, 977.6525pt x 552.0625pt>
File: ./plots/min2.png Graphic file (type png)
<use ./plots/min2.png>
Package pdftex.def Info: ./plots/min2.png  used on input line 466.
(pdftex.def)             Requested size: 429.00238pt x 242.25119pt.
<./plots/min3.png, id=567, 956.57375pt x 171.64125pt>
File: ./plots/min3.png Graphic file (type png)
<use ./plots/min3.png>
Package pdftex.def Info: ./plots/min3.png  used on input line 474.
(pdftex.def)             Requested size: 429.00238pt x 76.97592pt.
<./plots/min4.png, id=568, 974.64125pt x 703.62875pt>
File: ./plots/min4.png Graphic file (type png)
<use ./plots/min4.png>
Package pdftex.def Info: ./plots/min4.png  used on input line 482.
(pdftex.def)             Requested size: 429.00238pt x 309.7157pt.
<./plots/min8.png, id=569, 969.6225pt x 398.48875pt>
File: ./plots/min8.png Graphic file (type png)
<use ./plots/min8.png>
Package pdftex.def Info: ./plots/min8.png  used on input line 490.
(pdftex.def)             Requested size: 429.00238pt x 176.30846pt.
<./plots/tab1.png, id=576, 953.5625pt x 1035.87pt>
File: ./plots/tab1.png Graphic file (type png)
<use ./plots/tab1.png>
Package pdftex.def Info: ./plots/tab1.png  used on input line 498.
(pdftex.def)             Requested size: 429.00238pt x 466.04236pt.
<./plots/tab2.png, id=577, 951.555pt x 1032.85875pt>
File: ./plots/tab2.png Graphic file (type png)
<use ./plots/tab2.png>
Package pdftex.def Info: ./plots/tab2.png  used on input line 506.
(pdftex.def)             Requested size: 429.00238pt x 465.66472pt.
<./plots/tab3.png, id=578, 952.55875pt x 1034.86626pt>
File: ./plots/tab3.png Graphic file (type png)
<use ./plots/tab3.png>
Package pdftex.def Info: ./plots/tab3.png  used on input line 514.
(pdftex.def)             Requested size: 429.00238pt x 466.08028pt.
<./plots/tab4.png, id=579, 958.58125pt x 319.1925pt>
File: ./plots/tab4.png Graphic file (type png)
<use ./plots/tab4.png>
Package pdftex.def Info: ./plots/tab4.png  used on input line 522.
(pdftex.def)             Requested size: 429.00238pt x 142.85114pt.
<./plots/pca1.png, id=580, 954.56625pt x 1235.61626pt>
File: ./plots/pca1.png Graphic file (type png)
<use ./plots/pca1.png>
Package pdftex.def Info: ./plots/pca1.png  used on input line 530.
(pdftex.def)             Requested size: 429.00238pt x 555.30574pt.


LaTeX Warning: Float too large for page by 62.63905pt on input line 533.

<./plots/pca2.png, id=581, 953.5625pt x 834.11626pt>
File: ./plots/pca2.png Graphic file (type png)
<use ./plots/pca2.png>
Package pdftex.def Info: ./plots/pca2.png  used on input line 538.
(pdftex.def)             Requested size: 429.00238pt x 375.27248pt.
<./plots/pca3.png, id=582, 953.5625pt x 838.13126pt>
File: ./plots/pca3.png Graphic file (type png)
<use ./plots/pca3.png>
Package pdftex.def Info: ./plots/pca3.png  used on input line 546.
(pdftex.def)             Requested size: 429.00238pt x 377.07884pt.
<./plots/pca4.png, id=583, 950.55125pt x 1234.6125pt>
File: ./plots/pca4.png Graphic file (type png)
<use ./plots/pca4.png>
Package pdftex.def Info: ./plots/pca4.png  used on input line 554.
(pdftex.def)             Requested size: 429.00238pt x 557.20946pt.

LaTeX Warning: Float too large for page by 65.20946pt on input line 557.

<./plots/pca5.png, id=584, 952.55875pt x 1234.6125pt>
File: ./plots/pca5.png Graphic file (type png)
<use ./plots/pca5.png>
Package pdftex.def Info: ./plots/pca5.png  used on input line 562.
(pdftex.def)             Requested size: 429.00238pt x 556.04146pt.

LaTeX Warning: Float too large for page by 63.37477pt on input line 565.

<./plots/pca6.png, id=585, 954.56625pt x 1230.5975pt>
File: ./plots/pca6.png Graphic file (type png)
<use ./plots/pca6.png>
Package pdftex.def Info: ./plots/pca6.png  used on input line 570.
(pdftex.def)             Requested size: 429.00238pt x 553.05023pt.

LaTeX Warning: Float too large for page by 60.38354pt on input line 573.

<./plots/bench1.png, id=586, 954.56625pt x 363.3575pt>
File: ./plots/bench1.png Graphic file (type png)
<use ./plots/bench1.png>
Package pdftex.def Info: ./plots/bench1.png  used on input line 578.
(pdftex.def)             Requested size: 429.00238pt x 163.29866pt.
<./plots/bench2.png, id=587, 954.56625pt x 1608.0075pt>
File: ./plots/bench2.png Graphic file (type png)
<use ./plots/bench2.png>
Package pdftex.def Info: ./plots/bench2.png  used on input line 586.
(pdftex.def)             Requested size: 315.89905pt x 532.14084pt.

LaTeX Warning: Float too large for page by 80.64084pt on input line 589.

<./plots/bench3.png, id=588, 952.55875pt x 513.92pt>
File: ./plots/bench3.png Graphic file (type png)
<use ./plots/bench3.png>
Package pdftex.def Info: ./plots/bench3.png  used on input line 594.
(pdftex.def)             Requested size: 429.00238pt x 231.4579pt.
<./plots/bench4.png, id=589, 960.58875pt x 1349.04pt>
File: ./plots/bench4.png Graphic file (type png)
<use ./plots/bench4.png>
Package pdftex.def Info: ./plots/bench4.png  used on input line 602.
(pdftex.def)             Requested size: 370.49881pt x 520.3186pt.

LaTeX Warning: Float too large for page by 25.3186pt on input line 605.

<./plots/bench5.png, id=590, 950.55125pt x 714.67pt>
File: ./plots/bench5.png Graphic file (type png)
<use ./plots/bench5.png>
Package pdftex.def Info: ./plots/bench5.png  used on input line 610.
(pdftex.def)             Requested size: 429.00238pt x 322.54726pt.
<./plots/bench6.png, id=591, 959.585pt x 396.48125pt>
File: ./plots/bench6.png Graphic file (type png)
<use ./plots/bench6.png>
Package pdftex.def Info: ./plots/bench6.png  used on input line 618.
(pdftex.def)             Requested size: 429.00238pt x 177.25334pt.
<./plots/bench7.png, id=592, 959.585pt x 395.4775pt>
File: ./plots/bench7.png Graphic file (type png)
<use ./plots/bench7.png>
Package pdftex.def Info: ./plots/bench7.png  used on input line 626.
(pdftex.def)             Requested size: 429.00238pt x 176.8046pt.
<./plots/log0.png, id=593, 1158.3275pt x 248.93pt>
File: ./plots/log0.png Graphic file (type png)
<use ./plots/log0.png>
Package pdftex.def Info: ./plots/log0.png  used on input line 634.
(pdftex.def)             Requested size: 429.00238pt x 92.1938pt.
<./plots/log_gf.png, id=594, 951.555pt x 647.41875pt>
File: ./plots/log_gf.png Graphic file (type png)
<use ./plots/log_gf.png>
Package pdftex.def Info: ./plots/log_gf.png  used on input line 642.
(pdftex.def)             Requested size: 429.00238pt x 291.88895pt.
<./plots/log_tw.png, id=595, 954.56625pt x 595.22375pt>
File: ./plots/log_tw.png Graphic file (type png)
<use ./plots/log_tw.png>
Package pdftex.def Info: ./plots/log_tw.png  used on input line 650.
(pdftex.def)             Requested size: 429.00238pt x 267.50308pt.
<./plots/log1.png, id=596, 903.375pt x 380.42125pt>
File: ./plots/log1.png Graphic file (type png)
<use ./plots/log1.png>
Package pdftex.def Info: ./plots/log1.png  used on input line 658.
(pdftex.def)             Requested size: 429.00238pt x 180.66133pt.
<./plots/log2.png, id=597, 959.585pt x 883.3pt>
File: ./plots/log2.png Graphic file (type png)
<use ./plots/log2.png>
Package pdftex.def Info: ./plots/log2.png  used on input line 666.
(pdftex.def)             Requested size: 429.00238pt x 394.89354pt.
<./plots/log3.png, id=598, 955.57pt x 1461.46pt>
File: ./plots/log3.png Graphic file (type png)
<use ./plots/log3.png>
Package pdftex.def Info: ./plots/log3.png  used on input line 674.
(pdftex.def)             Requested size: 350.99762pt x 536.80693pt.

LaTeX Warning: Float too large for page by 58.64024pt on input line 677.

<./plots/min5.png, id=599, 957.5775pt x 540.0175pt>
File: ./plots/min5.png Graphic file (type png)
<use ./plots/min5.png>
Package pdftex.def Info: ./plots/min5.png  used on input line 682.
(pdftex.def)             Requested size: 429.00238pt x 241.93442pt.
<./plots/min6.png, id=600, 955.57pt x 1008.76875pt>
File: ./plots/min6.png Graphic file (type png)
<use ./plots/min6.png>
Package pdftex.def Info: ./plots/min6.png  used on input line 690.
(pdftex.def)             Requested size: 429.00238pt x 452.87965pt.
<./plots/min7.png, id=601, 957.5775pt x 537.00626pt>
File: ./plots/min7.png Graphic file (type png)
<use ./plots/min7.png>
Package pdftex.def Info: ./plots/min7.png  used on input line 698.
(pdftex.def)             Requested size: 429.00238pt x 240.58536pt.
<./plots/min9.png, id=602, 955.57pt x 1673.25125pt>
File: ./plots/min9.png Graphic file (type png)
<use ./plots/min9.png>
Package pdftex.def Info: ./plots/min9.png  used on input line 706.
(pdftex.def)             Requested size: 331.50238pt x 580.46378pt.

LaTeX Warning: Float too large for page by 102.29709pt on input line 709.

<./plots/min10.png, id=603, 951.555pt x 1669.23625pt>
File: ./plots/min10.png Graphic file (type png)
<use ./plots/min10.png>
Package pdftex.def Info: ./plots/min10.png  used on input line 714.
(pdftex.def)             Requested size: 331.50238pt x 581.51611pt.

LaTeX Warning: Float too large for page by 101.01611pt on input line 717.

<./plots/pmt1.png, id=604, 954.56625pt x 720.6925pt>
File: ./plots/pmt1.png Graphic file (type png)
<use ./plots/pmt1.png>
Package pdftex.def Info: ./plots/pmt1.png  used on input line 722.
(pdftex.def)             Requested size: 429.00238pt x 323.89075pt.
<./plots/pmt2.png, id=605, 956.57375pt x 510.90875pt>
File: ./plots/pmt2.png Graphic file (type png)
<use ./plots/pmt2.png>
Package pdftex.def Info: ./plots/pmt2.png  used on input line 730.
(pdftex.def)             Requested size: 429.00238pt x 229.12723pt.
[32 <./plots/min2.png> <./plots/min3.png>] [33 <./plots/min4.png>] [34 <./plots
/min8.png>] [35 <./plots/tab1.png>] [36 <./plots/tab2.png>] [37 <./plots/tab3.p
ng>] [38 <./plots/tab4.png>] [39 <./plots/pca1.png>] [40 <./plots/pca2.png>]
[41 <./plots/pca3.png>] [42 <./plots/pca4.png>] [43 <./plots/pca5.png>]
[44 <./plots/pca6.png>] [45 <./plots/bench1.png>] [46 <./plots/bench2.png>]
[47 <./plots/bench3.png>] [48 <./plots/bench4.png>] [49 <./plots/bench5.png>]
[50 <./plots/bench6.png> <./plots/bench7.png>] [51 <./plots/log0.png> <./plots/
log_gf.png>] [52 <./plots/log_tw.png>] [53 <./plots/log1.png>] [54 <./plots/log
2.png>] [55 <./plots/log3.png>] [56 <./plots/min5.png>] [57 <./plots/min6.png>]
[58 <./plots/min7.png>] [59 <./plots/min9.png>] [60 <./plots/min10.png>]
[61 <./plots/pmt1.png>] [62 <./plots/pmt2.png>]
Overfull \hbox (9.99596pt too wide) in paragraph at lines 760--761
\OT1/cmr/m/n/12 are 6 steps for each run: \OT1/cmtt/m/n/12 Validation #1\OT1/cm
r/m/n/12 , \OT1/cmtt/m/n/12 position fit\OT1/cmr/m/n/12 , \OT1/cmtt/m/n/12 angu
lar systematic
 []


Overfull \hbox (11.90935pt too wide) in paragraph at lines 760--761
\OT1/cmtt/m/n/12 fit\OT1/cmr/m/n/12 , \OT1/cmtt/m/n/12 injection fit\OT1/cmr/m/
n/12 ; and ad-di-tion steps to be run per dataset: \OT1/cmtt/m/n/12 PCA Process
or\OT1/cmr/m/n/12 .
 []

[63


]
<./plots/thresh.png, id=788, 894.34125pt x 1247.66125pt>
File: ./plots/thresh.png Graphic file (type png)
<use ./plots/thresh.png>
Package pdftex.def Info: ./plots/thresh.png  used on input line 775.
(pdftex.def)             Requested size: 429.00238pt x 598.48984pt.


LaTeX Warning: Float too large for page by 91.32315pt on input line 778.

<./plots/couch.png, id=791, 314.17375pt x 322.20375pt>
File: ./plots/couch.png Graphic file (type png)
<use ./plots/couch.png>
Package pdftex.def Info: ./plots/couch.png  used on input line 787.
(pdftex.def)             Requested size: 195.0pt x 199.98058pt.
<./plots/couchdoc.png, id=792, 346.29375pt x 1696.3375pt>
File: ./plots/couchdoc.png Graphic file (type png)
<use ./plots/couchdoc.png>
Package pdftex.def Info: ./plots/couchdoc.png  used on input line 795.
(pdftex.def)             Requested size: 124.80286pt x 611.35402pt.

LaTeX Warning: Float too large for page by 101.85402pt on input line 798.


Overfull \hbox (6.31952pt too wide) in paragraph at lines 801--802
 [][] \OT1/cmr/m/n/12 Ad-di-tion-ally, the sys-tem re-quires ac-cess to ratDB. 
Fi-nally, there is a plethora
 []

[64] [65 <./plots/thresh.png>] [66 <./plots/couch.png>] [67 <./plots/couchdoc.p
ng>] [68

]
Overfull \hbox (3.3195pt too wide) in paragraph at lines 835--836
[]\OT1/cmr/m/n/12 create[]bench[]apply[]mac.py: Cre-ates RAT macro to run bench
-
 []


Overfull \hbox (11.11491pt too wide) in paragraph at lines 844--845
[]\OT1/cmr/m/n/12 upload[]fits.py: Parses the data from fits and up-loads a Cou
chDB
 []

[69]
Overfull \hbox (17.93575pt too wide) in paragraph at lines 868--869
[]\OT1/cmr/m/it/12 upload en-vi-ron-ment (opt)\OT1/cmr/m/n/12 : Up-loads the en
-vi-ron-ment vari-ables to CouchDB. 
 []


Overfull \hbox (16.47578pt too wide) in paragraph at lines 875--876
[]\OT1/cmr/m/it/12 upload Val-i-da-tion #1\OT1/cmr/m/n/12 : Up-loads the re-sul
ts of \OT1/cmtt/m/n/12 Validation #1 \OT1/cmr/m/n/12 to CouchDB. 
 []

[70

]
Overfull \hbox (16.47578pt too wide) in paragraph at lines 881--882
[]\OT1/cmr/m/it/12 upload Val-i-da-tion #2\OT1/cmr/m/n/12 : Up-loads the re-sul
ts of \OT1/cmtt/m/n/12 Validation #2 \OT1/cmr/m/n/12 to CouchDB. 
 []

[71]
Overfull \hbox (0.8066pt too wide) in paragraph at lines 898--899
[]\OT1/cmr/m/it/12 create bench ap-ply mac\OT1/cmr/m/n/12 : Call script to cre-
ate bench-mark-ing RAT macro. 
 []

[72] [73]
<./plots/ch1.png, id=870, 608.2725pt x 70.2625pt>
File: ./plots/ch1.png Graphic file (type png)
<use ./plots/ch1.png>
Package pdftex.def Info: ./plots/ch1.png  used on input line 929.
(pdftex.def)             Requested size: 331.50238pt x 38.29283pt.
<./plots/ch2.png, id=871, 954.56625pt x 512.91624pt>
File: ./plots/ch2.png Graphic file (type png)
<use ./plots/ch2.png>
Package pdftex.def Info: ./plots/ch2.png  used on input line 937.
(pdftex.def)             Requested size: 390.0pt x 209.5535pt.
<./plots/ch4.png, id=872, 1004.75375pt x 91.34125pt>
File: ./plots/ch4.png Graphic file (type png)
<use ./plots/ch4.png>
Package pdftex.def Info: ./plots/ch4.png  used on input line 945.
(pdftex.def)             Requested size: 390.0pt x 35.45428pt.
<./plots/ch5.png, id=873, 947.54pt x 68.255pt>
File: ./plots/ch5.png Graphic file (type png)
<use ./plots/ch5.png>
Package pdftex.def Info: ./plots/ch5.png  used on input line 953.
(pdftex.def)             Requested size: 390.0pt x 28.09303pt.
 [74

 <./plots/ch1.png> <./plots/ch2.png>] [75 <./plots/ch4.png> <./plots/ch5.png>]
Overfull \hbox (13.69922pt too wide) in paragraph at lines 986--987
[][][][][][][][][][][][][][][][][][][][][][][][][][][][][][][] 
 []

<./plots/args.png, id=895, 1336.995pt x 295.1025pt>
File: ./plots/args.png Graphic file (type png)
<use ./plots/args.png>
Package pdftex.def Info: ./plots/args.png  used on input line 993.
(pdftex.def)             Requested size: 487.5pt x 107.60118pt.
[76

] [77 <./plots/args.png>] [78

]
Package atveryend Info: Empty hook `BeforeClearDocument' on input line 1028.
 [79]
Package atveryend Info: Empty hook `AfterLastShipout' on input line 1028.
 (./report.aux)
Package atveryend Info: Executing hook `AtVeryEndDocument' on input line 1028.
Package atveryend Info: Executing hook `AtEndAfterFileList' on input line 1028.

Package rerunfilecheck Info: File `report.out' has not changed.
(rerunfilecheck)             Checksum: A6FD24FA7CC2D3B547BB9531D4345CE5;1952.
Package atveryend Info: Empty hook `AtVeryVeryEnd' on input line 1028.
 ) 
Here is how much of TeX's memory you used:
 7660 strings out of 483140
 113989 string characters out of 5965151
 399925 words of memory out of 5000000
 22239 multiletter control sequences out of 15000+600000
 538834 words of font info for 46 fonts, out of 8000000 for 9000
 36 hyphenation exceptions out of 8191
 34i,7n,36p,872b,1804s stack positions out of 5000i,500n,10000p,200000b,80000s
 </home/michal/.texlive2019/texmf-var/fonts/pk/ljfour/jknappen/ec/tcrm1200.60
0pk></usr/share/texlive/texmf-dist/fonts/type1/public/amsfonts/cm/cmbx12.pfb></
usr/share/texlive/texmf-dist/fonts/type1/public/amsfonts/cm/cmmi12.pfb></usr/sh
are/texlive/texmf-dist/fonts/type1/public/amsfonts/cm/cmr12.pfb></usr/share/tex
live/texmf-dist/fonts/type1/public/amsfonts/cm/cmsy10.pfb></usr/share/texlive/t
exmf-dist/fonts/type1/public/amsfonts/cm/cmti12.pfb></usr/share/texlive/texmf-d
ist/fonts/type1/public/amsfonts/cm/cmtt10.pfb></usr/share/texlive/texmf-dist/fo
nts/type1/public/amsfonts/cm/cmtt12.pfb>
Output written on report.pdf (79 pages, 7087522 bytes).
PDF statistics:
 1032 PDF objects out of 1200 (max. 8388607)
 789 compressed objects within 8 object streams
 282 named destinations out of 1000 (max. 500000)
 620 words of extra memory for PDF output out of 10000 (max. 10000000)

